2023-03-10 15:26:59.483 [restartedMain] INFO  com.example.demo.DemoApplication:55 - Starting DemoApplication using Java 1.8.0_144 on PC-20221108FMTB with PID 3080 (D:\dowork\springboot2.7.9\demo\target\classes started by zyf in D:\dowork\springboot2.7.9\demo)
2023-03-10 15:26:59.486 [restartedMain] INFO  com.example.demo.DemoApplication:631 - No active profile set, falling back to 1 default profile: "default"
2023-03-10 15:26:59.542 [restartedMain] INFO  o.s.b.d.env.DevToolsPropertyDefaultsPostProcessor:255 - Devtools property defaults active! Set 'spring.devtools.add-properties' to 'false' to disable
2023-03-10 15:26:59.542 [restartedMain] INFO  o.s.b.d.env.DevToolsPropertyDefaultsPostProcessor:255 - For additional web related logging consider setting the 'logging.level.web' property to 'DEBUG'
2023-03-10 15:27:00.153 [restartedMain] WARN  org.mybatis.spring.mapper.ClassPathMapperScanner:44 - No MyBatis mapper was found in '[com.example.demo]' package. Please check your configuration.
2023-03-10 15:27:00.562 [restartedMain] INFO  o.s.boot.web.embedded.tomcat.TomcatWebServer:108 - Tomcat initialized with port(s): 8080 (http)
2023-03-10 15:27:00.572 [restartedMain] INFO  org.apache.catalina.core.StandardService:173 - Starting service [Tomcat]
2023-03-10 15:27:00.572 [restartedMain] INFO  org.apache.catalina.core.StandardEngine:173 - Starting Servlet engine: [Apache Tomcat/9.0.71]
2023-03-10 15:27:00.641 [restartedMain] INFO  o.a.c.core.ContainerBase.[Tomcat].[localhost].[/]:173 - Initializing Spring embedded WebApplicationContext
2023-03-10 15:27:00.642 [restartedMain] INFO  o.s.b.w.s.c.ServletWebServerApplicationContext:292 - Root WebApplicationContext: initialization completed in 1099 ms
2023-03-10 15:27:00.708 [restartedMain] INFO  com.zaxxer.hikari.HikariDataSource:110 - HikariPool-1 - Starting...
2023-03-10 15:27:00.834 [restartedMain] INFO  com.zaxxer.hikari.HikariDataSource:123 - HikariPool-1 - Start completed.
2023-03-10 15:27:00.846 [restartedMain] INFO  o.s.b.autoconfigure.h2.H2ConsoleAutoConfiguration:98 - H2 console available at '/h2'. Database available at 'jdbc:h2:mem:dbtest'
2023-03-10 15:27:01.988 [restartedMain] WARN  o.s.b.w.s.c.AnnotationConfigServletWebServerApplicationContext:591 - Exception encountered during context initialization - cancelling refresh attempt: org.springframework.beans.factory.BeanCreationException: Error creating bean with name 'dataSourceScriptDatabaseInitializer' defined in class path resource [org/springframework/boot/autoconfigure/sql/init/DataSourceInitializationConfiguration.class]: Invocation of init method failed; nested exception is org.springframework.jdbc.datasource.init.ScriptStatementFailedException: Failed to execute SQL script statement #2 of class path resource [db/schema.sql]: CREATE TABLE `student` ( `id` varchar(225), `name` varchar(225) , `age` int(11) ); nested exception is org.h2.jdbc.JdbcSQLSyntaxErrorException: Syntax error in SQL statement "CREATE TABLE `student` ( `id` varchar(225), `name` varchar(225) , `age` int[*](11) )"; expected "ARRAY, INVISIBLE, VISIBLE, NOT NULL, NULL, AS, DEFAULT, GENERATED, ON UPDATE, NOT NULL, NULL, AUTO_INCREMENT, DEFAULT ON NULL, NULL_TO_DEFAULT, SEQUENCE, SELECTIVITY, COMMENT, CONSTRAINT, COMMENT, PRIMARY KEY, UNIQUE, NOT NULL, NULL, CHECK, REFERENCES, AUTO_INCREMENT, ,, )"; SQL statement:
CREATE TABLE `student` ( `id` varchar(225), `name` varchar(225) , `age` int(11) ) [42001-214]
2023-03-10 15:27:01.989 [restartedMain] INFO  com.zaxxer.hikari.HikariDataSource:350 - HikariPool-1 - Shutdown initiated...
2023-03-10 15:27:01.991 [restartedMain] INFO  com.zaxxer.hikari.HikariDataSource:352 - HikariPool-1 - Shutdown completed.
2023-03-10 15:27:01.993 [restartedMain] INFO  org.apache.catalina.core.StandardService:173 - Stopping service [Tomcat]
2023-03-10 15:27:02.004 [restartedMain] INFO  o.s.b.a.l.ConditionEvaluationReportLoggingListener:136 - 

Error starting ApplicationContext. To display the conditions report re-run your application with 'debug' enabled.
2023-03-10 15:27:02.038 [restartedMain] ERROR org.springframework.boot.SpringApplication:821 - Application run failed
org.springframework.beans.factory.BeanCreationException: Error creating bean with name 'dataSourceScriptDatabaseInitializer' defined in class path resource [org/springframework/boot/autoconfigure/sql/init/DataSourceInitializationConfiguration.class]: Invocation of init method failed; nested exception is org.springframework.jdbc.datasource.init.ScriptStatementFailedException: Failed to execute SQL script statement #2 of class path resource [db/schema.sql]: CREATE TABLE `student` ( `id` varchar(225), `name` varchar(225) , `age` int(11) ); nested exception is org.h2.jdbc.JdbcSQLSyntaxErrorException: Syntax error in SQL statement "CREATE TABLE `student` ( `id` varchar(225), `name` varchar(225) , `age` int[*](11) )"; expected "ARRAY, INVISIBLE, VISIBLE, NOT NULL, NULL, AS, DEFAULT, GENERATED, ON UPDATE, NOT NULL, NULL, AUTO_INCREMENT, DEFAULT ON NULL, NULL_TO_DEFAULT, SEQUENCE, SELECTIVITY, COMMENT, CONSTRAINT, COMMENT, PRIMARY KEY, UNIQUE, NOT NULL, NULL, CHECK, REFERENCES, AUTO_INCREMENT, ,, )"; SQL statement:
CREATE TABLE `student` ( `id` varchar(225), `name` varchar(225) , `age` int(11) ) [42001-214]
	at org.springframework.beans.factory.support.AbstractAutowireCapableBeanFactory.initializeBean(AbstractAutowireCapableBeanFactory.java:1804)
	at org.springframework.beans.factory.support.AbstractAutowireCapableBeanFactory.doCreateBean(AbstractAutowireCapableBeanFactory.java:620)
	at org.springframework.beans.factory.support.AbstractAutowireCapableBeanFactory.createBean(AbstractAutowireCapableBeanFactory.java:542)
	at org.springframework.beans.factory.support.AbstractBeanFactory.lambda$doGetBean$0(AbstractBeanFactory.java:335)
	at org.springframework.beans.factory.support.DefaultSingletonBeanRegistry.getSingleton(DefaultSingletonBeanRegistry.java:234)
	at org.springframework.beans.factory.support.AbstractBeanFactory.doGetBean(AbstractBeanFactory.java:333)
	at org.springframework.beans.factory.support.AbstractBeanFactory.getBean(AbstractBeanFactory.java:208)
	at org.springframework.beans.factory.support.AbstractBeanFactory.doGetBean(AbstractBeanFactory.java:322)
	at org.springframework.beans.factory.support.AbstractBeanFactory.getBean(AbstractBeanFactory.java:208)
	at org.springframework.beans.factory.support.DefaultListableBeanFactory.preInstantiateSingletons(DefaultListableBeanFactory.java:955)
	at org.springframework.context.support.AbstractApplicationContext.finishBeanFactoryInitialization(AbstractApplicationContext.java:918)
	at org.springframework.context.support.AbstractApplicationContext.refresh(AbstractApplicationContext.java:583)
	at org.springframework.boot.web.servlet.context.ServletWebServerApplicationContext.refresh(ServletWebServerApplicationContext.java:147)
	at org.springframework.boot.SpringApplication.refresh(SpringApplication.java:731)
	at org.springframework.boot.SpringApplication.refreshContext(SpringApplication.java:408)
	at org.springframework.boot.SpringApplication.run(SpringApplication.java:307)
	at org.springframework.boot.SpringApplication.run(SpringApplication.java:1303)
	at org.springframework.boot.SpringApplication.run(SpringApplication.java:1292)
	at com.example.demo.DemoApplication.main(DemoApplication.java:10)
	at sun.reflect.NativeMethodAccessorImpl.invoke0(Native Method)
	at sun.reflect.NativeMethodAccessorImpl.invoke(NativeMethodAccessorImpl.java:62)
	at sun.reflect.DelegatingMethodAccessorImpl.invoke(DelegatingMethodAccessorImpl.java:43)
	at java.lang.reflect.Method.invoke(Method.java:498)
	at org.springframework.boot.devtools.restart.RestartLauncher.run(RestartLauncher.java:49)
Caused by: org.springframework.jdbc.datasource.init.ScriptStatementFailedException: Failed to execute SQL script statement #2 of class path resource [db/schema.sql]: CREATE TABLE `student` ( `id` varchar(225), `name` varchar(225) , `age` int(11) ); nested exception is org.h2.jdbc.JdbcSQLSyntaxErrorException: Syntax error in SQL statement "CREATE TABLE `student` ( `id` varchar(225), `name` varchar(225) , `age` int[*](11) )"; expected "ARRAY, INVISIBLE, VISIBLE, NOT NULL, NULL, AS, DEFAULT, GENERATED, ON UPDATE, NOT NULL, NULL, AUTO_INCREMENT, DEFAULT ON NULL, NULL_TO_DEFAULT, SEQUENCE, SELECTIVITY, COMMENT, CONSTRAINT, COMMENT, PRIMARY KEY, UNIQUE, NOT NULL, NULL, CHECK, REFERENCES, AUTO_INCREMENT, ,, )"; SQL statement:
CREATE TABLE `student` ( `id` varchar(225), `name` varchar(225) , `age` int(11) ) [42001-214]
	at org.springframework.jdbc.datasource.init.ScriptUtils.executeSqlScript(ScriptUtils.java:282)
	at org.springframework.jdbc.datasource.init.ResourceDatabasePopulator.populate(ResourceDatabasePopulator.java:254)
	at org.springframework.jdbc.datasource.init.DatabasePopulatorUtils.execute(DatabasePopulatorUtils.java:54)
	at org.springframework.boot.jdbc.init.DataSourceScriptDatabaseInitializer.runScripts(DataSourceScriptDatabaseInitializer.java:90)
	at org.springframework.boot.sql.init.AbstractScriptDatabaseInitializer.runScripts(AbstractScriptDatabaseInitializer.java:145)
	at org.springframework.boot.sql.init.AbstractScriptDatabaseInitializer.applyScripts(AbstractScriptDatabaseInitializer.java:107)
	at org.springframework.boot.sql.init.AbstractScriptDatabaseInitializer.applySchemaScripts(AbstractScriptDatabaseInitializer.java:97)
	at org.springframework.boot.sql.init.AbstractScriptDatabaseInitializer.initializeDatabase(AbstractScriptDatabaseInitializer.java:75)
	at org.springframework.boot.sql.init.AbstractScriptDatabaseInitializer.afterPropertiesSet(AbstractScriptDatabaseInitializer.java:65)
	at org.springframework.beans.factory.support.AbstractAutowireCapableBeanFactory.invokeInitMethods(AbstractAutowireCapableBeanFactory.java:1863)
	at org.springframework.beans.factory.support.AbstractAutowireCapableBeanFactory.initializeBean(AbstractAutowireCapableBeanFactory.java:1800)
	... 23 common frames omitted
Caused by: org.h2.jdbc.JdbcSQLSyntaxErrorException: Syntax error in SQL statement "CREATE TABLE `student` ( `id` varchar(225), `name` varchar(225) , `age` int[*](11) )"; expected "ARRAY, INVISIBLE, VISIBLE, NOT NULL, NULL, AS, DEFAULT, GENERATED, ON UPDATE, NOT NULL, NULL, AUTO_INCREMENT, DEFAULT ON NULL, NULL_TO_DEFAULT, SEQUENCE, SELECTIVITY, COMMENT, CONSTRAINT, COMMENT, PRIMARY KEY, UNIQUE, NOT NULL, NULL, CHECK, REFERENCES, AUTO_INCREMENT, ,, )"; SQL statement:
CREATE TABLE `student` ( `id` varchar(225), `name` varchar(225) , `age` int(11) ) [42001-214]
	at org.h2.message.DbException.getJdbcSQLException(DbException.java:502)
	at org.h2.message.DbException.getJdbcSQLException(DbException.java:477)
	at org.h2.message.DbException.getSyntaxError(DbException.java:261)
	at org.h2.command.Parser.getSyntaxError(Parser.java:900)
	at org.h2.command.Parser.read(Parser.java:5675)
	at org.h2.command.Parser.readIfMore(Parser.java:1268)
	at org.h2.command.Parser.parseCreateTable(Parser.java:9272)
	at org.h2.command.Parser.parseCreate(Parser.java:6784)
	at org.h2.command.Parser.parsePrepared(Parser.java:763)
	at org.h2.command.Parser.parse(Parser.java:689)
	at org.h2.command.Parser.parse(Parser.java:666)
	at org.h2.command.Parser.prepareCommand(Parser.java:569)
	at org.h2.engine.SessionLocal.prepareLocal(SessionLocal.java:631)
	at org.h2.engine.SessionLocal.prepareCommand(SessionLocal.java:554)
	at org.h2.jdbc.JdbcConnection.prepareCommand(JdbcConnection.java:1116)
	at org.h2.jdbc.JdbcStatement.executeInternal(JdbcStatement.java:237)
	at org.h2.jdbc.JdbcStatement.execute(JdbcStatement.java:223)
	at com.zaxxer.hikari.pool.ProxyStatement.execute(ProxyStatement.java:94)
	at com.zaxxer.hikari.pool.HikariProxyStatement.execute(HikariProxyStatement.java)
	at org.springframework.jdbc.datasource.init.ScriptUtils.executeSqlScript(ScriptUtils.java:261)
	... 33 common frames omitted
2023-03-10 15:28:35.094 [main] INFO  com.example.demo.DemoApplication:55 - Starting DemoApplication using Java 1.8.0_144 on PC-20221108FMTB with PID 16136 (D:\dowork\springboot2.7.9\demo\target\classes started by zyf in D:\dowork\springboot2.7.9\demo)
2023-03-10 15:28:35.097 [main] INFO  com.example.demo.DemoApplication:631 - No active profile set, falling back to 1 default profile: "default"
2023-03-10 15:28:35.196 [main] INFO  o.s.b.d.env.DevToolsPropertyDefaultsPostProcessor:255 - Devtools property defaults active! Set 'spring.devtools.add-properties' to 'false' to disable
2023-03-10 15:28:35.197 [main] INFO  o.s.b.d.env.DevToolsPropertyDefaultsPostProcessor:255 - For additional web related logging consider setting the 'logging.level.web' property to 'DEBUG'
2023-03-10 15:28:36.442 [main] WARN  org.mybatis.spring.mapper.ClassPathMapperScanner:44 - No MyBatis mapper was found in '[com.example.demo]' package. Please check your configuration.
2023-03-10 15:28:37.501 [main] INFO  o.s.boot.web.embedded.tomcat.TomcatWebServer:108 - Tomcat initialized with port(s): 8080 (http)
2023-03-10 15:28:37.540 [main] INFO  org.apache.catalina.core.StandardService:173 - Starting service [Tomcat]
2023-03-10 15:28:37.540 [main] INFO  org.apache.catalina.core.StandardEngine:173 - Starting Servlet engine: [Apache Tomcat/9.0.71]
2023-03-10 15:28:37.663 [main] INFO  o.a.c.core.ContainerBase.[Tomcat].[localhost].[/]:173 - Initializing Spring embedded WebApplicationContext
2023-03-10 15:28:37.663 [main] INFO  o.s.b.w.s.c.ServletWebServerApplicationContext:292 - Root WebApplicationContext: initialization completed in 2466 ms
2023-03-10 15:28:37.702 [main] INFO  com.zaxxer.hikari.HikariDataSource:110 - HikariPool-1 - Starting...
2023-03-10 15:28:38.045 [main] INFO  com.zaxxer.hikari.HikariDataSource:123 - HikariPool-1 - Start completed.
2023-03-10 15:28:38.072 [main] INFO  o.s.b.autoconfigure.h2.H2ConsoleAutoConfiguration:98 - H2 console available at '/h2'. Database available at 'jdbc:h2:mem:dbtest'
2023-03-10 15:28:40.017 [main] WARN  o.s.b.w.s.c.AnnotationConfigServletWebServerApplicationContext:591 - Exception encountered during context initialization - cancelling refresh attempt: org.springframework.beans.factory.BeanCreationException: Error creating bean with name 'dataSourceScriptDatabaseInitializer' defined in class path resource [org/springframework/boot/autoconfigure/sql/init/DataSourceInitializationConfiguration.class]: Invocation of init method failed; nested exception is org.springframework.jdbc.datasource.init.ScriptStatementFailedException: Failed to execute SQL script statement #2 of class path resource [db/schema.sql]: CREATE TABLE `student` (`id` varchar(225), `name` varchar(225) , `age` int(11)); nested exception is org.h2.jdbc.JdbcSQLSyntaxErrorException: Syntax error in SQL statement "CREATE TABLE `student` (`id` varchar(225), `name` varchar(225) , `age` int[*](11))"; expected "ARRAY, INVISIBLE, VISIBLE, NOT NULL, NULL, AS, DEFAULT, GENERATED, ON UPDATE, NOT NULL, NULL, AUTO_INCREMENT, DEFAULT ON NULL, NULL_TO_DEFAULT, SEQUENCE, SELECTIVITY, COMMENT, CONSTRAINT, COMMENT, PRIMARY KEY, UNIQUE, NOT NULL, NULL, CHECK, REFERENCES, AUTO_INCREMENT, ,, )"; SQL statement:
CREATE TABLE `student` (`id` varchar(225), `name` varchar(225) , `age` int(11)) [42001-214]
2023-03-10 15:28:40.019 [main] INFO  com.zaxxer.hikari.HikariDataSource:350 - HikariPool-1 - Shutdown initiated...
2023-03-10 15:28:40.024 [main] INFO  com.zaxxer.hikari.HikariDataSource:352 - HikariPool-1 - Shutdown completed.
2023-03-10 15:28:40.028 [main] INFO  org.apache.catalina.core.StandardService:173 - Stopping service [Tomcat]
2023-03-10 15:28:40.043 [main] INFO  o.s.b.a.l.ConditionEvaluationReportLoggingListener:136 - 

Error starting ApplicationContext. To display the conditions report re-run your application with 'debug' enabled.
2023-03-10 15:28:40.091 [main] ERROR org.springframework.boot.SpringApplication:821 - Application run failed
org.springframework.beans.factory.BeanCreationException: Error creating bean with name 'dataSourceScriptDatabaseInitializer' defined in class path resource [org/springframework/boot/autoconfigure/sql/init/DataSourceInitializationConfiguration.class]: Invocation of init method failed; nested exception is org.springframework.jdbc.datasource.init.ScriptStatementFailedException: Failed to execute SQL script statement #2 of class path resource [db/schema.sql]: CREATE TABLE `student` (`id` varchar(225), `name` varchar(225) , `age` int(11)); nested exception is org.h2.jdbc.JdbcSQLSyntaxErrorException: Syntax error in SQL statement "CREATE TABLE `student` (`id` varchar(225), `name` varchar(225) , `age` int[*](11))"; expected "ARRAY, INVISIBLE, VISIBLE, NOT NULL, NULL, AS, DEFAULT, GENERATED, ON UPDATE, NOT NULL, NULL, AUTO_INCREMENT, DEFAULT ON NULL, NULL_TO_DEFAULT, SEQUENCE, SELECTIVITY, COMMENT, CONSTRAINT, COMMENT, PRIMARY KEY, UNIQUE, NOT NULL, NULL, CHECK, REFERENCES, AUTO_INCREMENT, ,, )"; SQL statement:
CREATE TABLE `student` (`id` varchar(225), `name` varchar(225) , `age` int(11)) [42001-214]
	at org.springframework.beans.factory.support.AbstractAutowireCapableBeanFactory.initializeBean(AbstractAutowireCapableBeanFactory.java:1804)
	at org.springframework.beans.factory.support.AbstractAutowireCapableBeanFactory.doCreateBean(AbstractAutowireCapableBeanFactory.java:620)
	at org.springframework.beans.factory.support.AbstractAutowireCapableBeanFactory.createBean(AbstractAutowireCapableBeanFactory.java:542)
	at org.springframework.beans.factory.support.AbstractBeanFactory.lambda$doGetBean$0(AbstractBeanFactory.java:335)
	at org.springframework.beans.factory.support.DefaultSingletonBeanRegistry.getSingleton(DefaultSingletonBeanRegistry.java:234)
	at org.springframework.beans.factory.support.AbstractBeanFactory.doGetBean(AbstractBeanFactory.java:333)
	at org.springframework.beans.factory.support.AbstractBeanFactory.getBean(AbstractBeanFactory.java:208)
	at org.springframework.beans.factory.support.AbstractBeanFactory.doGetBean(AbstractBeanFactory.java:322)
	at org.springframework.beans.factory.support.AbstractBeanFactory.getBean(AbstractBeanFactory.java:208)
	at org.springframework.beans.factory.support.DefaultListableBeanFactory.preInstantiateSingletons(DefaultListableBeanFactory.java:955)
	at org.springframework.context.support.AbstractApplicationContext.finishBeanFactoryInitialization(AbstractApplicationContext.java:918)
	at org.springframework.context.support.AbstractApplicationContext.__refresh(AbstractApplicationContext.java:583)
	at org.springframework.context.support.AbstractApplicationContext.jrLockAndRefresh(AbstractApplicationContext.java:41002)
	at org.springframework.context.support.AbstractApplicationContext.refresh(AbstractApplicationContext.java:42008)
	at org.springframework.boot.web.servlet.context.ServletWebServerApplicationContext.refresh(ServletWebServerApplicationContext.java:147)
	at org.springframework.boot.SpringApplication.refresh(SpringApplication.java:731)
	at org.springframework.boot.SpringApplication.refreshContext(SpringApplication.java:408)
	at org.springframework.boot.SpringApplication.run(SpringApplication.java:307)
	at org.springframework.boot.SpringApplication.run(SpringApplication.java:1303)
	at org.springframework.boot.SpringApplication.run(SpringApplication.java:1292)
	at com.example.demo.DemoApplication.main(DemoApplication.java:10)
Caused by: org.springframework.jdbc.datasource.init.ScriptStatementFailedException: Failed to execute SQL script statement #2 of class path resource [db/schema.sql]: CREATE TABLE `student` (`id` varchar(225), `name` varchar(225) , `age` int(11)); nested exception is org.h2.jdbc.JdbcSQLSyntaxErrorException: Syntax error in SQL statement "CREATE TABLE `student` (`id` varchar(225), `name` varchar(225) , `age` int[*](11))"; expected "ARRAY, INVISIBLE, VISIBLE, NOT NULL, NULL, AS, DEFAULT, GENERATED, ON UPDATE, NOT NULL, NULL, AUTO_INCREMENT, DEFAULT ON NULL, NULL_TO_DEFAULT, SEQUENCE, SELECTIVITY, COMMENT, CONSTRAINT, COMMENT, PRIMARY KEY, UNIQUE, NOT NULL, NULL, CHECK, REFERENCES, AUTO_INCREMENT, ,, )"; SQL statement:
CREATE TABLE `student` (`id` varchar(225), `name` varchar(225) , `age` int(11)) [42001-214]
	at org.springframework.jdbc.datasource.init.ScriptUtils.executeSqlScript(ScriptUtils.java:282)
	at org.springframework.jdbc.datasource.init.ResourceDatabasePopulator.populate(ResourceDatabasePopulator.java:254)
	at org.springframework.jdbc.datasource.init.DatabasePopulatorUtils.execute(DatabasePopulatorUtils.java:54)
	at org.springframework.boot.jdbc.init.DataSourceScriptDatabaseInitializer.runScripts(DataSourceScriptDatabaseInitializer.java:90)
	at org.springframework.boot.sql.init.AbstractScriptDatabaseInitializer.runScripts(AbstractScriptDatabaseInitializer.java:145)
	at org.springframework.boot.sql.init.AbstractScriptDatabaseInitializer.applyScripts(AbstractScriptDatabaseInitializer.java:107)
	at org.springframework.boot.sql.init.AbstractScriptDatabaseInitializer.applySchemaScripts(AbstractScriptDatabaseInitializer.java:97)
	at org.springframework.boot.sql.init.AbstractScriptDatabaseInitializer.initializeDatabase(AbstractScriptDatabaseInitializer.java:75)
	at org.springframework.boot.sql.init.AbstractScriptDatabaseInitializer.afterPropertiesSet(AbstractScriptDatabaseInitializer.java:65)
	at org.springframework.beans.factory.support.AbstractAutowireCapableBeanFactory.invokeInitMethods(AbstractAutowireCapableBeanFactory.java:1863)
	at org.springframework.beans.factory.support.AbstractAutowireCapableBeanFactory.initializeBean(AbstractAutowireCapableBeanFactory.java:1800)
	... 20 common frames omitted
Caused by: org.h2.jdbc.JdbcSQLSyntaxErrorException: Syntax error in SQL statement "CREATE TABLE `student` (`id` varchar(225), `name` varchar(225) , `age` int[*](11))"; expected "ARRAY, INVISIBLE, VISIBLE, NOT NULL, NULL, AS, DEFAULT, GENERATED, ON UPDATE, NOT NULL, NULL, AUTO_INCREMENT, DEFAULT ON NULL, NULL_TO_DEFAULT, SEQUENCE, SELECTIVITY, COMMENT, CONSTRAINT, COMMENT, PRIMARY KEY, UNIQUE, NOT NULL, NULL, CHECK, REFERENCES, AUTO_INCREMENT, ,, )"; SQL statement:
CREATE TABLE `student` (`id` varchar(225), `name` varchar(225) , `age` int(11)) [42001-214]
	at org.h2.message.DbException.getJdbcSQLException(DbException.java:502)
	at org.h2.message.DbException.getJdbcSQLException(DbException.java:477)
	at org.h2.message.DbException.getSyntaxError(DbException.java:261)
	at org.h2.command.Parser.getSyntaxError(Parser.java:900)
	at org.h2.command.Parser.read(Parser.java:5675)
	at org.h2.command.Parser.readIfMore(Parser.java:1268)
	at org.h2.command.Parser.parseCreateTable(Parser.java:9272)
	at org.h2.command.Parser.parseCreate(Parser.java:6784)
	at org.h2.command.Parser.parsePrepared(Parser.java:763)
	at org.h2.command.Parser.parse(Parser.java:689)
	at org.h2.command.Parser.parse(Parser.java:666)
	at org.h2.command.Parser.prepareCommand(Parser.java:569)
	at org.h2.engine.SessionLocal.prepareLocal(SessionLocal.java:631)
	at org.h2.engine.SessionLocal.prepareCommand(SessionLocal.java:554)
	at org.h2.jdbc.JdbcConnection.prepareCommand(JdbcConnection.java:1116)
	at org.h2.jdbc.JdbcStatement.executeInternal(JdbcStatement.java:237)
	at org.h2.jdbc.JdbcStatement.execute(JdbcStatement.java:223)
	at com.zaxxer.hikari.pool.ProxyStatement.execute(ProxyStatement.java:94)
	at com.zaxxer.hikari.pool.HikariProxyStatement.execute(HikariProxyStatement.java)
	at org.springframework.jdbc.datasource.init.ScriptUtils.executeSqlScript(ScriptUtils.java:261)
	... 30 common frames omitted
2023-03-10 15:29:27.770 [main] INFO  com.example.demo.DemoApplication:55 - Starting DemoApplication using Java 1.8.0_144 on PC-20221108FMTB with PID 19032 (D:\dowork\springboot2.7.9\demo\target\classes started by zyf in D:\dowork\springboot2.7.9\demo)
2023-03-10 15:29:27.773 [main] INFO  com.example.demo.DemoApplication:631 - No active profile set, falling back to 1 default profile: "default"
2023-03-10 15:29:27.876 [main] INFO  o.s.b.d.env.DevToolsPropertyDefaultsPostProcessor:255 - Devtools property defaults active! Set 'spring.devtools.add-properties' to 'false' to disable
2023-03-10 15:29:27.876 [main] INFO  o.s.b.d.env.DevToolsPropertyDefaultsPostProcessor:255 - For additional web related logging consider setting the 'logging.level.web' property to 'DEBUG'
2023-03-10 15:29:29.069 [main] WARN  org.mybatis.spring.mapper.ClassPathMapperScanner:44 - No MyBatis mapper was found in '[com.example.demo]' package. Please check your configuration.
2023-03-10 15:29:30.088 [main] INFO  o.s.boot.web.embedded.tomcat.TomcatWebServer:108 - Tomcat initialized with port(s): 8080 (http)
2023-03-10 15:29:30.126 [main] INFO  org.apache.catalina.core.StandardService:173 - Starting service [Tomcat]
2023-03-10 15:29:30.126 [main] INFO  org.apache.catalina.core.StandardEngine:173 - Starting Servlet engine: [Apache Tomcat/9.0.71]
2023-03-10 15:29:30.242 [main] INFO  o.a.c.core.ContainerBase.[Tomcat].[localhost].[/]:173 - Initializing Spring embedded WebApplicationContext
2023-03-10 15:29:30.243 [main] INFO  o.s.b.w.s.c.ServletWebServerApplicationContext:292 - Root WebApplicationContext: initialization completed in 2366 ms
2023-03-10 15:29:30.280 [main] INFO  com.zaxxer.hikari.HikariDataSource:110 - HikariPool-1 - Starting...
2023-03-10 15:29:30.605 [main] INFO  com.zaxxer.hikari.HikariDataSource:123 - HikariPool-1 - Start completed.
2023-03-10 15:29:30.639 [main] INFO  o.s.b.autoconfigure.h2.H2ConsoleAutoConfiguration:98 - H2 console available at '/h2'. Database available at 'jdbc:h2:mem:dbtest'
2023-03-10 15:29:32.513 [main] WARN  o.s.b.w.s.c.AnnotationConfigServletWebServerApplicationContext:591 - Exception encountered during context initialization - cancelling refresh attempt: org.springframework.beans.factory.BeanCreationException: Error creating bean with name 'dataSourceScriptDatabaseInitializer' defined in class path resource [org/springframework/boot/autoconfigure/sql/init/DataSourceInitializationConfiguration.class]: Invocation of init method failed; nested exception is org.springframework.jdbc.datasource.init.ScriptStatementFailedException: Failed to execute SQL script statement #2 of class path resource [db/schema.sql]: (; nested exception is org.h2.jdbc.JdbcSQLSyntaxErrorException: Syntax error in SQL statement "([*]"; expected "(, SELECT, TABLE, VALUES"; SQL statement:
( [42001-214]
2023-03-10 15:29:32.515 [main] INFO  com.zaxxer.hikari.HikariDataSource:350 - HikariPool-1 - Shutdown initiated...
2023-03-10 15:29:32.520 [main] INFO  com.zaxxer.hikari.HikariDataSource:352 - HikariPool-1 - Shutdown completed.
2023-03-10 15:29:32.525 [main] INFO  org.apache.catalina.core.StandardService:173 - Stopping service [Tomcat]
2023-03-10 15:29:32.541 [main] INFO  o.s.b.a.l.ConditionEvaluationReportLoggingListener:136 - 

Error starting ApplicationContext. To display the conditions report re-run your application with 'debug' enabled.
2023-03-10 15:29:32.589 [main] ERROR org.springframework.boot.SpringApplication:821 - Application run failed
org.springframework.beans.factory.BeanCreationException: Error creating bean with name 'dataSourceScriptDatabaseInitializer' defined in class path resource [org/springframework/boot/autoconfigure/sql/init/DataSourceInitializationConfiguration.class]: Invocation of init method failed; nested exception is org.springframework.jdbc.datasource.init.ScriptStatementFailedException: Failed to execute SQL script statement #2 of class path resource [db/schema.sql]: (; nested exception is org.h2.jdbc.JdbcSQLSyntaxErrorException: Syntax error in SQL statement "([*]"; expected "(, SELECT, TABLE, VALUES"; SQL statement:
( [42001-214]
	at org.springframework.beans.factory.support.AbstractAutowireCapableBeanFactory.initializeBean(AbstractAutowireCapableBeanFactory.java:1804)
	at org.springframework.beans.factory.support.AbstractAutowireCapableBeanFactory.doCreateBean(AbstractAutowireCapableBeanFactory.java:620)
	at org.springframework.beans.factory.support.AbstractAutowireCapableBeanFactory.createBean(AbstractAutowireCapableBeanFactory.java:542)
	at org.springframework.beans.factory.support.AbstractBeanFactory.lambda$doGetBean$0(AbstractBeanFactory.java:335)
	at org.springframework.beans.factory.support.DefaultSingletonBeanRegistry.getSingleton(DefaultSingletonBeanRegistry.java:234)
	at org.springframework.beans.factory.support.AbstractBeanFactory.doGetBean(AbstractBeanFactory.java:333)
	at org.springframework.beans.factory.support.AbstractBeanFactory.getBean(AbstractBeanFactory.java:208)
	at org.springframework.beans.factory.support.AbstractBeanFactory.doGetBean(AbstractBeanFactory.java:322)
	at org.springframework.beans.factory.support.AbstractBeanFactory.getBean(AbstractBeanFactory.java:208)
	at org.springframework.beans.factory.support.DefaultListableBeanFactory.preInstantiateSingletons(DefaultListableBeanFactory.java:955)
	at org.springframework.context.support.AbstractApplicationContext.finishBeanFactoryInitialization(AbstractApplicationContext.java:918)
	at org.springframework.context.support.AbstractApplicationContext.__refresh(AbstractApplicationContext.java:583)
	at org.springframework.context.support.AbstractApplicationContext.jrLockAndRefresh(AbstractApplicationContext.java:41002)
	at org.springframework.context.support.AbstractApplicationContext.refresh(AbstractApplicationContext.java:42008)
	at org.springframework.boot.web.servlet.context.ServletWebServerApplicationContext.refresh(ServletWebServerApplicationContext.java:147)
	at org.springframework.boot.SpringApplication.refresh(SpringApplication.java:731)
	at org.springframework.boot.SpringApplication.refreshContext(SpringApplication.java:408)
	at org.springframework.boot.SpringApplication.run(SpringApplication.java:307)
	at org.springframework.boot.SpringApplication.run(SpringApplication.java:1303)
	at org.springframework.boot.SpringApplication.run(SpringApplication.java:1292)
	at com.example.demo.DemoApplication.main(DemoApplication.java:10)
Caused by: org.springframework.jdbc.datasource.init.ScriptStatementFailedException: Failed to execute SQL script statement #2 of class path resource [db/schema.sql]: (; nested exception is org.h2.jdbc.JdbcSQLSyntaxErrorException: Syntax error in SQL statement "([*]"; expected "(, SELECT, TABLE, VALUES"; SQL statement:
( [42001-214]
	at org.springframework.jdbc.datasource.init.ScriptUtils.executeSqlScript(ScriptUtils.java:282)
	at org.springframework.jdbc.datasource.init.ResourceDatabasePopulator.populate(ResourceDatabasePopulator.java:254)
	at org.springframework.jdbc.datasource.init.DatabasePopulatorUtils.execute(DatabasePopulatorUtils.java:54)
	at org.springframework.boot.jdbc.init.DataSourceScriptDatabaseInitializer.runScripts(DataSourceScriptDatabaseInitializer.java:90)
	at org.springframework.boot.sql.init.AbstractScriptDatabaseInitializer.runScripts(AbstractScriptDatabaseInitializer.java:145)
	at org.springframework.boot.sql.init.AbstractScriptDatabaseInitializer.applyScripts(AbstractScriptDatabaseInitializer.java:107)
	at org.springframework.boot.sql.init.AbstractScriptDatabaseInitializer.applySchemaScripts(AbstractScriptDatabaseInitializer.java:97)
	at org.springframework.boot.sql.init.AbstractScriptDatabaseInitializer.initializeDatabase(AbstractScriptDatabaseInitializer.java:75)
	at org.springframework.boot.sql.init.AbstractScriptDatabaseInitializer.afterPropertiesSet(AbstractScriptDatabaseInitializer.java:65)
	at org.springframework.beans.factory.support.AbstractAutowireCapableBeanFactory.invokeInitMethods(AbstractAutowireCapableBeanFactory.java:1863)
	at org.springframework.beans.factory.support.AbstractAutowireCapableBeanFactory.initializeBean(AbstractAutowireCapableBeanFactory.java:1800)
	... 20 common frames omitted
Caused by: org.h2.jdbc.JdbcSQLSyntaxErrorException: Syntax error in SQL statement "([*]"; expected "(, SELECT, TABLE, VALUES"; SQL statement:
( [42001-214]
	at org.h2.message.DbException.getJdbcSQLException(DbException.java:502)
	at org.h2.message.DbException.getJdbcSQLException(DbException.java:477)
	at org.h2.message.DbException.getSyntaxError(DbException.java:261)
	at org.h2.command.Parser.getSyntaxError(Parser.java:900)
	at org.h2.command.Parser.read(Parser.java:5675)
	at org.h2.command.Parser.parseQueryPrimary(Parser.java:2766)
	at org.h2.command.Parser.parseQueryTerm(Parser.java:2633)
	at org.h2.command.Parser.parseQueryExpressionBody(Parser.java:2612)
	at org.h2.command.Parser.parseQueryExpressionBodyAndEndOfQuery(Parser.java:2605)
	at org.h2.command.Parser.parseQueryPrimary(Parser.java:2756)
	at org.h2.command.Parser.parseQueryTerm(Parser.java:2633)
	at org.h2.command.Parser.parseQueryExpressionBody(Parser.java:2612)
	at org.h2.command.Parser.parseQueryExpressionBodyAndEndOfQuery(Parser.java:2605)
	at org.h2.command.Parser.parseQueryExpression(Parser.java:2598)
	at org.h2.command.Parser.parseQuery(Parser.java:2567)
	at org.h2.command.Parser.parsePrepared(Parser.java:724)
	at org.h2.command.Parser.parse(Parser.java:689)
	at org.h2.command.Parser.parse(Parser.java:666)
	at org.h2.command.Parser.prepareCommand(Parser.java:569)
	at org.h2.engine.SessionLocal.prepareLocal(SessionLocal.java:631)
	at org.h2.engine.SessionLocal.prepareCommand(SessionLocal.java:554)
	at org.h2.jdbc.JdbcConnection.prepareCommand(JdbcConnection.java:1116)
	at org.h2.jdbc.JdbcStatement.executeInternal(JdbcStatement.java:237)
	at org.h2.jdbc.JdbcStatement.execute(JdbcStatement.java:223)
	at com.zaxxer.hikari.pool.ProxyStatement.execute(ProxyStatement.java:94)
	at com.zaxxer.hikari.pool.HikariProxyStatement.execute(HikariProxyStatement.java)
	at org.springframework.jdbc.datasource.init.ScriptUtils.executeSqlScript(ScriptUtils.java:261)
	... 30 common frames omitted
2023-03-10 15:30:22.993 [restartedMain] INFO  com.example.demo.DemoApplication:55 - Starting DemoApplication using Java 1.8.0_144 on PC-20221108FMTB with PID 19436 (D:\dowork\springboot2.7.9\demo\target\classes started by zyf in D:\dowork\springboot2.7.9\demo)
2023-03-10 15:30:22.996 [restartedMain] INFO  com.example.demo.DemoApplication:631 - No active profile set, falling back to 1 default profile: "default"
2023-03-10 15:30:23.081 [restartedMain] INFO  o.s.b.d.env.DevToolsPropertyDefaultsPostProcessor:255 - Devtools property defaults active! Set 'spring.devtools.add-properties' to 'false' to disable
2023-03-10 15:30:23.081 [restartedMain] INFO  o.s.b.d.env.DevToolsPropertyDefaultsPostProcessor:255 - For additional web related logging consider setting the 'logging.level.web' property to 'DEBUG'
2023-03-10 15:30:24.090 [restartedMain] WARN  org.mybatis.spring.mapper.ClassPathMapperScanner:44 - No MyBatis mapper was found in '[com.example.demo]' package. Please check your configuration.
2023-03-10 15:30:24.932 [restartedMain] INFO  o.s.boot.web.embedded.tomcat.TomcatWebServer:108 - Tomcat initialized with port(s): 8080 (http)
2023-03-10 15:30:24.948 [restartedMain] INFO  org.apache.catalina.core.StandardService:173 - Starting service [Tomcat]
2023-03-10 15:30:24.949 [restartedMain] INFO  org.apache.catalina.core.StandardEngine:173 - Starting Servlet engine: [Apache Tomcat/9.0.71]
2023-03-10 15:30:25.044 [restartedMain] INFO  o.a.c.core.ContainerBase.[Tomcat].[localhost].[/]:173 - Initializing Spring embedded WebApplicationContext
2023-03-10 15:30:25.045 [restartedMain] INFO  o.s.b.w.s.c.ServletWebServerApplicationContext:292 - Root WebApplicationContext: initialization completed in 1963 ms
2023-03-10 15:30:25.142 [restartedMain] INFO  com.zaxxer.hikari.HikariDataSource:110 - HikariPool-1 - Starting...
2023-03-10 15:30:25.321 [restartedMain] INFO  com.zaxxer.hikari.HikariDataSource:123 - HikariPool-1 - Start completed.
2023-03-10 15:30:25.343 [restartedMain] INFO  o.s.b.autoconfigure.h2.H2ConsoleAutoConfiguration:98 - H2 console available at '/h2'. Database available at 'jdbc:h2:mem:db'
2023-03-10 15:30:26.898 [restartedMain] WARN  o.s.b.w.s.c.AnnotationConfigServletWebServerApplicationContext:591 - Exception encountered during context initialization - cancelling refresh attempt: org.springframework.beans.factory.BeanCreationException: Error creating bean with name 'dataSourceScriptDatabaseInitializer' defined in class path resource [org/springframework/boot/autoconfigure/sql/init/DataSourceInitializationConfiguration.class]: Invocation of init method failed; nested exception is org.springframework.jdbc.datasource.init.ScriptStatementFailedException: Failed to execute SQL script statement #1 of class path resource [db/data.sql]: insert into user_test(id, name, age, email) values (1, 'Jone', 18, 'yunhu1@gmail.com'), (2, 'Jack', 20, 'yunhu2@gmail.com'), (3, 'Tom', 28, 'yunhu3@gmail.com'), (4, 'Sandy', 21, 'yunhu4@gmail.com'), (5, 'Billie', 24, 'yunhu5@gmail.com'); nested exception is org.h2.jdbc.JdbcSQLSyntaxErrorException: Table "USER_TEST" not found; SQL statement:
insert into user_test(id, name, age, email) values (1, 'Jone', 18, 'yunhu1@gmail.com'), (2, 'Jack', 20, 'yunhu2@gmail.com'), (3, 'Tom', 28, 'yunhu3@gmail.com'), (4, 'Sandy', 21, 'yunhu4@gmail.com'), (5, 'Billie', 24, 'yunhu5@gmail.com') [42102-214]
2023-03-10 15:30:26.899 [restartedMain] INFO  com.zaxxer.hikari.HikariDataSource:350 - HikariPool-1 - Shutdown initiated...
2023-03-10 15:30:26.901 [restartedMain] INFO  com.zaxxer.hikari.HikariDataSource:352 - HikariPool-1 - Shutdown completed.
2023-03-10 15:30:26.904 [restartedMain] INFO  org.apache.catalina.core.StandardService:173 - Stopping service [Tomcat]
2023-03-10 15:30:26.914 [restartedMain] INFO  o.s.b.a.l.ConditionEvaluationReportLoggingListener:136 - 

Error starting ApplicationContext. To display the conditions report re-run your application with 'debug' enabled.
2023-03-10 15:30:26.960 [restartedMain] ERROR org.springframework.boot.SpringApplication:821 - Application run failed
org.springframework.beans.factory.BeanCreationException: Error creating bean with name 'dataSourceScriptDatabaseInitializer' defined in class path resource [org/springframework/boot/autoconfigure/sql/init/DataSourceInitializationConfiguration.class]: Invocation of init method failed; nested exception is org.springframework.jdbc.datasource.init.ScriptStatementFailedException: Failed to execute SQL script statement #1 of class path resource [db/data.sql]: insert into user_test(id, name, age, email) values (1, 'Jone', 18, 'yunhu1@gmail.com'), (2, 'Jack', 20, 'yunhu2@gmail.com'), (3, 'Tom', 28, 'yunhu3@gmail.com'), (4, 'Sandy', 21, 'yunhu4@gmail.com'), (5, 'Billie', 24, 'yunhu5@gmail.com'); nested exception is org.h2.jdbc.JdbcSQLSyntaxErrorException: Table "USER_TEST" not found; SQL statement:
insert into user_test(id, name, age, email) values (1, 'Jone', 18, 'yunhu1@gmail.com'), (2, 'Jack', 20, 'yunhu2@gmail.com'), (3, 'Tom', 28, 'yunhu3@gmail.com'), (4, 'Sandy', 21, 'yunhu4@gmail.com'), (5, 'Billie', 24, 'yunhu5@gmail.com') [42102-214]
	at org.springframework.beans.factory.support.AbstractAutowireCapableBeanFactory.initializeBean(AbstractAutowireCapableBeanFactory.java:1804)
	at org.springframework.beans.factory.support.AbstractAutowireCapableBeanFactory.doCreateBean(AbstractAutowireCapableBeanFactory.java:620)
	at org.springframework.beans.factory.support.AbstractAutowireCapableBeanFactory.createBean(AbstractAutowireCapableBeanFactory.java:542)
	at org.springframework.beans.factory.support.AbstractBeanFactory.lambda$doGetBean$0(AbstractBeanFactory.java:335)
	at org.springframework.beans.factory.support.DefaultSingletonBeanRegistry.getSingleton(DefaultSingletonBeanRegistry.java:234)
	at org.springframework.beans.factory.support.AbstractBeanFactory.doGetBean(AbstractBeanFactory.java:333)
	at org.springframework.beans.factory.support.AbstractBeanFactory.getBean(AbstractBeanFactory.java:208)
	at org.springframework.beans.factory.support.AbstractBeanFactory.doGetBean(AbstractBeanFactory.java:322)
	at org.springframework.beans.factory.support.AbstractBeanFactory.getBean(AbstractBeanFactory.java:208)
	at org.springframework.beans.factory.support.DefaultListableBeanFactory.preInstantiateSingletons(DefaultListableBeanFactory.java:955)
	at org.springframework.context.support.AbstractApplicationContext.finishBeanFactoryInitialization(AbstractApplicationContext.java:918)
	at org.springframework.context.support.AbstractApplicationContext.refresh(AbstractApplicationContext.java:583)
	at org.springframework.boot.web.servlet.context.ServletWebServerApplicationContext.refresh(ServletWebServerApplicationContext.java:147)
	at org.springframework.boot.SpringApplication.refresh(SpringApplication.java:731)
	at org.springframework.boot.SpringApplication.refreshContext(SpringApplication.java:408)
	at org.springframework.boot.SpringApplication.run(SpringApplication.java:307)
	at org.springframework.boot.SpringApplication.run(SpringApplication.java:1303)
	at org.springframework.boot.SpringApplication.run(SpringApplication.java:1292)
	at com.example.demo.DemoApplication.main(DemoApplication.java:10)
	at sun.reflect.NativeMethodAccessorImpl.invoke0(Native Method)
	at sun.reflect.NativeMethodAccessorImpl.invoke(NativeMethodAccessorImpl.java:62)
	at sun.reflect.DelegatingMethodAccessorImpl.invoke(DelegatingMethodAccessorImpl.java:43)
	at java.lang.reflect.Method.invoke(Method.java:498)
	at org.springframework.boot.devtools.restart.RestartLauncher.run(RestartLauncher.java:49)
Caused by: org.springframework.jdbc.datasource.init.ScriptStatementFailedException: Failed to execute SQL script statement #1 of class path resource [db/data.sql]: insert into user_test(id, name, age, email) values (1, 'Jone', 18, 'yunhu1@gmail.com'), (2, 'Jack', 20, 'yunhu2@gmail.com'), (3, 'Tom', 28, 'yunhu3@gmail.com'), (4, 'Sandy', 21, 'yunhu4@gmail.com'), (5, 'Billie', 24, 'yunhu5@gmail.com'); nested exception is org.h2.jdbc.JdbcSQLSyntaxErrorException: Table "USER_TEST" not found; SQL statement:
insert into user_test(id, name, age, email) values (1, 'Jone', 18, 'yunhu1@gmail.com'), (2, 'Jack', 20, 'yunhu2@gmail.com'), (3, 'Tom', 28, 'yunhu3@gmail.com'), (4, 'Sandy', 21, 'yunhu4@gmail.com'), (5, 'Billie', 24, 'yunhu5@gmail.com') [42102-214]
	at org.springframework.jdbc.datasource.init.ScriptUtils.executeSqlScript(ScriptUtils.java:282)
	at org.springframework.jdbc.datasource.init.ResourceDatabasePopulator.populate(ResourceDatabasePopulator.java:254)
	at org.springframework.jdbc.datasource.init.DatabasePopulatorUtils.execute(DatabasePopulatorUtils.java:54)
	at org.springframework.boot.jdbc.init.DataSourceScriptDatabaseInitializer.runScripts(DataSourceScriptDatabaseInitializer.java:90)
	at org.springframework.boot.sql.init.AbstractScriptDatabaseInitializer.runScripts(AbstractScriptDatabaseInitializer.java:145)
	at org.springframework.boot.sql.init.AbstractScriptDatabaseInitializer.applyScripts(AbstractScriptDatabaseInitializer.java:107)
	at org.springframework.boot.sql.init.AbstractScriptDatabaseInitializer.applyDataScripts(AbstractScriptDatabaseInitializer.java:101)
	at org.springframework.boot.sql.init.AbstractScriptDatabaseInitializer.initializeDatabase(AbstractScriptDatabaseInitializer.java:76)
	at org.springframework.boot.sql.init.AbstractScriptDatabaseInitializer.afterPropertiesSet(AbstractScriptDatabaseInitializer.java:65)
	at org.springframework.beans.factory.support.AbstractAutowireCapableBeanFactory.invokeInitMethods(AbstractAutowireCapableBeanFactory.java:1863)
	at org.springframework.beans.factory.support.AbstractAutowireCapableBeanFactory.initializeBean(AbstractAutowireCapableBeanFactory.java:1800)
	... 23 common frames omitted
Caused by: org.h2.jdbc.JdbcSQLSyntaxErrorException: Table "USER_TEST" not found; SQL statement:
insert into user_test(id, name, age, email) values (1, 'Jone', 18, 'yunhu1@gmail.com'), (2, 'Jack', 20, 'yunhu2@gmail.com'), (3, 'Tom', 28, 'yunhu3@gmail.com'), (4, 'Sandy', 21, 'yunhu4@gmail.com'), (5, 'Billie', 24, 'yunhu5@gmail.com') [42102-214]
	at org.h2.message.DbException.getJdbcSQLException(DbException.java:502)
	at org.h2.message.DbException.getJdbcSQLException(DbException.java:477)
	at org.h2.message.DbException.get(DbException.java:223)
	at org.h2.message.DbException.get(DbException.java:199)
	at org.h2.command.Parser.getTableOrViewNotFoundDbException(Parser.java:8398)
	at org.h2.command.Parser.getTableOrViewNotFoundDbException(Parser.java:8369)
	at org.h2.command.Parser.readTableOrView(Parser.java:8358)
	at org.h2.command.Parser.readTableOrView(Parser.java:8328)
	at org.h2.command.Parser.parseInsert(Parser.java:1632)
	at org.h2.command.Parser.parsePrepared(Parser.java:814)
	at org.h2.command.Parser.parse(Parser.java:689)
	at org.h2.command.Parser.parse(Parser.java:661)
	at org.h2.command.Parser.prepareCommand(Parser.java:569)
	at org.h2.engine.SessionLocal.prepareLocal(SessionLocal.java:631)
	at org.h2.engine.SessionLocal.prepareCommand(SessionLocal.java:554)
	at org.h2.jdbc.JdbcConnection.prepareCommand(JdbcConnection.java:1116)
	at org.h2.jdbc.JdbcStatement.executeInternal(JdbcStatement.java:237)
	at org.h2.jdbc.JdbcStatement.execute(JdbcStatement.java:223)
	at com.zaxxer.hikari.pool.ProxyStatement.execute(ProxyStatement.java:94)
	at com.zaxxer.hikari.pool.HikariProxyStatement.execute(HikariProxyStatement.java)
	at org.springframework.jdbc.datasource.init.ScriptUtils.executeSqlScript(ScriptUtils.java:261)
	... 33 common frames omitted
2023-03-10 15:30:58.401 [restartedMain] INFO  com.example.demo.DemoApplication:55 - Starting DemoApplication using Java 1.8.0_144 on PC-20221108FMTB with PID 19760 (D:\dowork\springboot2.7.9\demo\target\classes started by zyf in D:\dowork\springboot2.7.9\demo)
2023-03-10 15:30:58.402 [restartedMain] INFO  com.example.demo.DemoApplication:631 - No active profile set, falling back to 1 default profile: "default"
2023-03-10 15:30:58.448 [restartedMain] INFO  o.s.b.d.env.DevToolsPropertyDefaultsPostProcessor:255 - Devtools property defaults active! Set 'spring.devtools.add-properties' to 'false' to disable
2023-03-10 15:30:58.448 [restartedMain] INFO  o.s.b.d.env.DevToolsPropertyDefaultsPostProcessor:255 - For additional web related logging consider setting the 'logging.level.web' property to 'DEBUG'
2023-03-10 15:30:59.179 [restartedMain] WARN  org.mybatis.spring.mapper.ClassPathMapperScanner:44 - No MyBatis mapper was found in '[com.example.demo]' package. Please check your configuration.
2023-03-10 15:30:59.662 [restartedMain] INFO  o.s.boot.web.embedded.tomcat.TomcatWebServer:108 - Tomcat initialized with port(s): 8080 (http)
2023-03-10 15:30:59.674 [restartedMain] INFO  org.apache.catalina.core.StandardService:173 - Starting service [Tomcat]
2023-03-10 15:30:59.674 [restartedMain] INFO  org.apache.catalina.core.StandardEngine:173 - Starting Servlet engine: [Apache Tomcat/9.0.71]
2023-03-10 15:30:59.743 [restartedMain] INFO  o.a.c.core.ContainerBase.[Tomcat].[localhost].[/]:173 - Initializing Spring embedded WebApplicationContext
2023-03-10 15:30:59.744 [restartedMain] INFO  o.s.b.w.s.c.ServletWebServerApplicationContext:292 - Root WebApplicationContext: initialization completed in 1295 ms
2023-03-10 15:30:59.824 [restartedMain] INFO  com.zaxxer.hikari.HikariDataSource:110 - HikariPool-1 - Starting...
2023-03-10 15:30:59.976 [restartedMain] INFO  com.zaxxer.hikari.HikariDataSource:123 - HikariPool-1 - Start completed.
2023-03-10 15:30:59.988 [restartedMain] INFO  o.s.b.autoconfigure.h2.H2ConsoleAutoConfiguration:98 - H2 console available at '/h2'. Database available at 'jdbc:h2:mem:db'
2023-03-10 15:31:01.174 [restartedMain] WARN  o.s.b.d.autoconfigure.OptionalLiveReloadServer:62 - Unable to start LiveReload server
2023-03-10 15:31:01.205 [restartedMain] INFO  o.s.boot.web.embedded.tomcat.TomcatWebServer:220 - Tomcat started on port(s): 8080 (http) with context path ''
2023-03-10 15:31:01.215 [restartedMain] INFO  com.example.demo.DemoApplication:61 - Started DemoApplication in 3.249 seconds (JVM running for 5.381)
2023-03-10 15:39:47.028 [restartedMain] INFO  com.example.demo.DemoApplication:55 - Starting DemoApplication using Java 1.8.0_144 on PC-20221108FMTB with PID 18452 (D:\dowork\springboot2.7.9\demo\target\classes started by zyf in D:\dowork\springboot2.7.9\demo)
2023-03-10 15:39:47.030 [restartedMain] INFO  com.example.demo.DemoApplication:631 - No active profile set, falling back to 1 default profile: "default"
2023-03-10 15:39:47.082 [restartedMain] INFO  o.s.b.d.env.DevToolsPropertyDefaultsPostProcessor:255 - Devtools property defaults active! Set 'spring.devtools.add-properties' to 'false' to disable
2023-03-10 15:39:47.082 [restartedMain] INFO  o.s.b.d.env.DevToolsPropertyDefaultsPostProcessor:255 - For additional web related logging consider setting the 'logging.level.web' property to 'DEBUG'
2023-03-10 15:39:48.143 [restartedMain] INFO  o.s.boot.web.embedded.tomcat.TomcatWebServer:108 - Tomcat initialized with port(s): 8080 (http)
2023-03-10 15:39:48.153 [restartedMain] INFO  org.apache.catalina.core.StandardService:173 - Starting service [Tomcat]
2023-03-10 15:39:48.154 [restartedMain] INFO  org.apache.catalina.core.StandardEngine:173 - Starting Servlet engine: [Apache Tomcat/9.0.71]
2023-03-10 15:39:48.262 [restartedMain] INFO  o.a.c.core.ContainerBase.[Tomcat].[localhost].[/]:173 - Initializing Spring embedded WebApplicationContext
2023-03-10 15:39:48.262 [restartedMain] INFO  o.s.b.w.s.c.ServletWebServerApplicationContext:292 - Root WebApplicationContext: initialization completed in 1180 ms
2023-03-10 15:39:48.294 [restartedMain] INFO  com.zaxxer.hikari.HikariDataSource:110 - HikariPool-1 - Starting...
2023-03-10 15:39:48.424 [restartedMain] INFO  com.zaxxer.hikari.HikariDataSource:123 - HikariPool-1 - Start completed.
2023-03-10 15:39:48.445 [restartedMain] INFO  o.s.b.autoconfigure.h2.H2ConsoleAutoConfiguration:98 - H2 console available at '/h2'. Database available at 'jdbc:h2:mem:db'
2023-03-10 15:39:49.750 [restartedMain] WARN  o.s.b.d.autoconfigure.OptionalLiveReloadServer:62 - Unable to start LiveReload server
2023-03-10 15:39:49.780 [restartedMain] INFO  o.s.boot.web.embedded.tomcat.TomcatWebServer:220 - Tomcat started on port(s): 8080 (http) with context path ''
2023-03-10 15:39:49.791 [restartedMain] INFO  com.example.demo.DemoApplication:61 - Started DemoApplication in 3.231 seconds (JVM running for 5.317)
2023-03-10 15:40:07.804 [http-nio-8080-exec-1] INFO  o.a.c.core.ContainerBase.[Tomcat].[localhost].[/]:173 - Initializing Spring DispatcherServlet 'dispatcherServlet'
2023-03-10 15:40:33.477 [restartedMain] INFO  com.example.demo.DemoApplication:55 - Starting DemoApplication using Java 1.8.0_144 on PC-20221108FMTB with PID 6752 (D:\dowork\springboot2.7.9\demo\target\classes started by zyf in D:\dowork\springboot2.7.9\demo)
2023-03-10 15:40:33.480 [restartedMain] INFO  com.example.demo.DemoApplication:631 - No active profile set, falling back to 1 default profile: "default"
2023-03-10 15:40:33.552 [restartedMain] INFO  o.s.b.d.env.DevToolsPropertyDefaultsPostProcessor:255 - Devtools property defaults active! Set 'spring.devtools.add-properties' to 'false' to disable
2023-03-10 15:40:33.553 [restartedMain] INFO  o.s.b.d.env.DevToolsPropertyDefaultsPostProcessor:255 - For additional web related logging consider setting the 'logging.level.web' property to 'DEBUG'
2023-03-10 15:40:34.865 [restartedMain] INFO  o.s.boot.web.embedded.tomcat.TomcatWebServer:108 - Tomcat initialized with port(s): 8080 (http)
2023-03-10 15:40:34.876 [restartedMain] INFO  org.apache.catalina.core.StandardService:173 - Starting service [Tomcat]
2023-03-10 15:40:34.877 [restartedMain] INFO  org.apache.catalina.core.StandardEngine:173 - Starting Servlet engine: [Apache Tomcat/9.0.71]
2023-03-10 15:40:35.026 [restartedMain] INFO  o.a.c.core.ContainerBase.[Tomcat].[localhost].[/]:173 - Initializing Spring embedded WebApplicationContext
2023-03-10 15:40:35.027 [restartedMain] INFO  o.s.b.w.s.c.ServletWebServerApplicationContext:292 - Root WebApplicationContext: initialization completed in 1474 ms
2023-03-10 15:40:35.056 [restartedMain] INFO  com.zaxxer.hikari.HikariDataSource:110 - HikariPool-1 - Starting...
2023-03-10 15:40:35.195 [restartedMain] INFO  com.zaxxer.hikari.HikariDataSource:123 - HikariPool-1 - Start completed.
2023-03-10 15:40:35.211 [restartedMain] INFO  o.s.b.autoconfigure.h2.H2ConsoleAutoConfiguration:98 - H2 console available at '/h2'. Database available at 'jdbc:h2:mem:db'
2023-03-10 15:40:36.650 [restartedMain] WARN  o.s.b.d.autoconfigure.OptionalLiveReloadServer:62 - Unable to start LiveReload server
2023-03-10 15:40:36.691 [restartedMain] INFO  o.s.boot.web.embedded.tomcat.TomcatWebServer:220 - Tomcat started on port(s): 8080 (http) with context path ''
2023-03-10 15:40:36.707 [restartedMain] INFO  com.example.demo.DemoApplication:61 - Started DemoApplication in 4.002 seconds (JVM running for 6.377)
2023-03-10 15:41:07.995 [http-nio-8080-exec-1] INFO  o.a.c.core.ContainerBase.[Tomcat].[localhost].[/]:173 - Initializing Spring DispatcherServlet 'dispatcherServlet'
2023-03-10 15:42:48.944 [File Watcher] INFO  o.s.b.d.a.LocalDevToolsAutoConfiguration$RestartingClassPathChangeChangedEventListener:211 - Restarting due to 1 class path change (1 addition, 0 deletions, 0 modifications)
2023-03-10 15:42:49.136 [Thread-2] INFO  org.apache.catalina.core.StandardService:173 - Stopping service [Tomcat]
2023-03-10 15:42:49.138 [Thread-2] INFO  o.a.c.core.ContainerBase.[Tomcat].[localhost].[/]:173 - Destroying Spring FrameworkServlet 'dispatcherServlet'
2023-03-10 15:42:49.351 [Thread-2] WARN  o.s.beans.factory.support.DisposableBeanAdapter:222 - Invocation of destroy method failed on bean with name 'inMemoryDatabaseShutdownExecutor': org.h2.jdbc.JdbcSQLNonTransientConnectionException: Database is already closed (to disable automatic closing at VM shutdown, add ";DB_CLOSE_ON_EXIT=FALSE" to the db URL) [90121-214]
2023-03-10 15:42:49.353 [Thread-2] INFO  com.zaxxer.hikari.HikariDataSource:350 - HikariPool-1 - Shutdown initiated...
2023-03-10 15:42:49.354 [Thread-2] INFO  com.zaxxer.hikari.HikariDataSource:352 - HikariPool-1 - Shutdown completed.
2023-03-10 15:42:49.541 [restartedMain] INFO  com.example.demo.DemoApplication:55 - Starting DemoApplication using Java 1.8.0_144 on PC-20221108FMTB with PID 6752 (D:\dowork\springboot2.7.9\demo\target\classes started by zyf in D:\dowork\springboot2.7.9\demo)
2023-03-10 15:42:49.541 [restartedMain] INFO  com.example.demo.DemoApplication:631 - No active profile set, falling back to 1 default profile: "default"
2023-03-10 15:42:49.765 [restartedMain] INFO  o.s.boot.web.embedded.tomcat.TomcatWebServer:108 - Tomcat initialized with port(s): 8080 (http)
2023-03-10 15:42:49.765 [restartedMain] INFO  org.apache.catalina.core.StandardService:173 - Starting service [Tomcat]
2023-03-10 15:42:49.766 [restartedMain] INFO  org.apache.catalina.core.StandardEngine:173 - Starting Servlet engine: [Apache Tomcat/9.0.71]
2023-03-10 15:42:49.779 [restartedMain] INFO  o.a.c.core.ContainerBase.[Tomcat].[localhost].[/]:173 - Initializing Spring embedded WebApplicationContext
2023-03-10 15:42:49.779 [restartedMain] INFO  o.s.b.w.s.c.ServletWebServerApplicationContext:292 - Root WebApplicationContext: initialization completed in 235 ms
2023-03-10 15:42:49.788 [restartedMain] INFO  com.zaxxer.hikari.HikariDataSource:110 - HikariPool-2 - Starting...
2023-03-10 15:42:49.790 [restartedMain] INFO  com.zaxxer.hikari.HikariDataSource:123 - HikariPool-2 - Start completed.
2023-03-10 15:42:49.791 [restartedMain] INFO  o.s.b.autoconfigure.h2.H2ConsoleAutoConfiguration:98 - H2 console available at '/h2'. Database available at 'jdbc:h2:mem:db'
2023-03-10 15:42:50.124 [restartedMain] WARN  o.s.b.d.autoconfigure.OptionalLiveReloadServer:62 - Unable to start LiveReload server
2023-03-10 15:42:50.137 [restartedMain] INFO  o.s.boot.web.embedded.tomcat.TomcatWebServer:220 - Tomcat started on port(s): 8080 (http) with context path ''
2023-03-10 15:42:50.145 [restartedMain] INFO  com.example.demo.DemoApplication:61 - Started DemoApplication in 0.634 seconds (JVM running for 139.815)
2023-03-10 15:42:50.148 [restartedMain] INFO  o.s.b.d.a.ConditionEvaluationDeltaLoggingListener:63 - Condition evaluation unchanged
2023-03-10 15:52:12.128 [main] INFO  com.example.demo.student.TestStudentController:55 - Starting TestStudentController using Java 1.8.0_144 on PC-20221108FMTB with PID 20152 (started by zyf in D:\dowork\springboot2.7.9\demo)
2023-03-10 15:52:12.131 [main] INFO  com.example.demo.student.TestStudentController:631 - No active profile set, falling back to 1 default profile: "default"
2023-03-10 15:52:15.171 [main] INFO  com.zaxxer.hikari.HikariDataSource:110 - HikariPool-1 - Starting...
2023-03-10 15:52:15.558 [main] INFO  com.zaxxer.hikari.HikariDataSource:123 - HikariPool-1 - Start completed.
2023-03-10 15:52:15.578 [main] INFO  o.s.b.autoconfigure.h2.H2ConsoleAutoConfiguration:98 - H2 console available at '/h2'. Database available at 'jdbc:h2:mem:db'
2023-03-10 15:52:16.112 [main] INFO  com.example.demo.student.TestStudentController:61 - Started TestStudentController in 4.435 seconds (JVM running for 8.052)
2023-03-10 15:52:16.595 [SpringApplicationShutdownHook] INFO  com.zaxxer.hikari.HikariDataSource:350 - HikariPool-1 - Shutdown initiated...
2023-03-10 15:52:16.598 [SpringApplicationShutdownHook] INFO  com.zaxxer.hikari.HikariDataSource:352 - HikariPool-1 - Shutdown completed.
2023-03-10 15:52:35.117 [main] INFO  com.example.demo.student.TestStudentController:55 - Starting TestStudentController using Java 1.8.0_144 on PC-20221108FMTB with PID 21092 (started by zyf in D:\dowork\springboot2.7.9\demo)
2023-03-10 15:52:35.120 [main] INFO  com.example.demo.student.TestStudentController:631 - No active profile set, falling back to 1 default profile: "default"
2023-03-10 15:52:38.306 [main] INFO  com.zaxxer.hikari.HikariDataSource:110 - HikariPool-1 - Starting...
2023-03-10 15:52:38.701 [main] INFO  com.zaxxer.hikari.HikariDataSource:123 - HikariPool-1 - Start completed.
2023-03-10 15:52:38.721 [main] INFO  o.s.b.autoconfigure.h2.H2ConsoleAutoConfiguration:98 - H2 console available at '/h2'. Database available at 'jdbc:h2:mem:db'
2023-03-10 15:52:39.225 [main] INFO  com.example.demo.student.TestStudentController:61 - Started TestStudentController in 4.64 seconds (JVM running for 8.409)
2023-03-10 15:52:39.682 [SpringApplicationShutdownHook] INFO  com.zaxxer.hikari.HikariDataSource:350 - HikariPool-1 - Shutdown initiated...
2023-03-10 15:52:39.687 [SpringApplicationShutdownHook] INFO  com.zaxxer.hikari.HikariDataSource:352 - HikariPool-1 - Shutdown completed.
2023-03-10 15:53:10.608 [main] INFO  com.example.demo.student.TestStudentController:55 - Starting TestStudentController using Java 1.8.0_144 on PC-20221108FMTB with PID 18136 (started by zyf in D:\dowork\springboot2.7.9\demo)
2023-03-10 15:53:10.611 [main] INFO  com.example.demo.student.TestStudentController:631 - No active profile set, falling back to 1 default profile: "default"
2023-03-10 15:53:13.929 [main] INFO  com.zaxxer.hikari.HikariDataSource:110 - HikariPool-1 - Starting...
2023-03-10 15:53:14.398 [main] INFO  com.zaxxer.hikari.HikariDataSource:123 - HikariPool-1 - Start completed.
2023-03-10 15:53:14.417 [main] INFO  o.s.b.autoconfigure.h2.H2ConsoleAutoConfiguration:98 - H2 console available at '/h2'. Database available at 'jdbc:h2:mem:db'
2023-03-10 15:53:14.978 [main] INFO  com.example.demo.student.TestStudentController:61 - Started TestStudentController in 4.913 seconds (JVM running for 8.249)
2023-03-10 15:53:15.312 [main] INFO  o.s.b.test.mock.web.SpringBootMockServletContext:455 - Initializing Spring TestDispatcherServlet ''
2023-03-10 15:53:15.312 [main] INFO  o.s.test.web.servlet.TestDispatcherServlet:525 - Initializing Servlet ''
2023-03-10 15:53:15.314 [main] INFO  o.s.test.web.servlet.TestDispatcherServlet:547 - Completed initialization in 1 ms
2023-03-10 15:53:16.735 [main] INFO  com.example.demo.student.TestStudentController:67 - content={"code":1000,"msg":"","message":"","data":[{"conditions":null,"orders":null,"id":"0","name":"","age":20},{"conditions":null,"orders":null,"id":"1","name":"","age":20}]}
2023-03-10 15:53:16.751 [SpringApplicationShutdownHook] INFO  com.zaxxer.hikari.HikariDataSource:350 - HikariPool-1 - Shutdown initiated...
2023-03-10 15:53:16.755 [SpringApplicationShutdownHook] INFO  com.zaxxer.hikari.HikariDataSource:352 - HikariPool-1 - Shutdown completed.
2023-03-10 15:56:12.053 [main] INFO  com.example.demo.student.TestStudentController:55 - Starting TestStudentController using Java 1.8.0_144 on PC-20221108FMTB with PID 20640 (started by zyf in D:\dowork\springboot2.7.9\demo)
2023-03-10 15:56:12.055 [main] INFO  com.example.demo.student.TestStudentController:631 - No active profile set, falling back to 1 default profile: "default"
2023-03-10 15:56:15.169 [main] INFO  com.zaxxer.hikari.HikariDataSource:110 - HikariPool-1 - Starting...
2023-03-10 15:56:15.523 [main] INFO  com.zaxxer.hikari.HikariDataSource:123 - HikariPool-1 - Start completed.
2023-03-10 15:56:15.538 [main] INFO  o.s.b.autoconfigure.h2.H2ConsoleAutoConfiguration:98 - H2 console available at '/h2'. Database available at 'jdbc:h2:mem:db'
2023-03-10 15:56:16.038 [main] INFO  com.example.demo.student.TestStudentController:61 - Started TestStudentController in 4.613 seconds (JVM running for 7.756)
2023-03-10 15:56:16.341 [main] INFO  o.s.b.test.mock.web.SpringBootMockServletContext:455 - Initializing Spring TestDispatcherServlet ''
2023-03-10 15:56:16.341 [main] INFO  o.s.test.web.servlet.TestDispatcherServlet:525 - Initializing Servlet ''
2023-03-10 15:56:16.342 [main] INFO  o.s.test.web.servlet.TestDispatcherServlet:547 - Completed initialization in 1 ms
2023-03-10 15:56:17.694 [main] INFO  com.example.demo.student.TestStudentController:75 - content={"code":1000,"msg":"","message":"","data":[]}
2023-03-10 15:56:17.711 [SpringApplicationShutdownHook] INFO  com.zaxxer.hikari.HikariDataSource:350 - HikariPool-1 - Shutdown initiated...
2023-03-10 15:56:17.714 [SpringApplicationShutdownHook] INFO  com.zaxxer.hikari.HikariDataSource:352 - HikariPool-1 - Shutdown completed.
2023-03-10 15:56:31.994 [main] INFO  com.example.demo.student.TestStudentController:55 - Starting TestStudentController using Java 1.8.0_144 on PC-20221108FMTB with PID 13412 (started by zyf in D:\dowork\springboot2.7.9\demo)
2023-03-10 15:56:31.998 [main] INFO  com.example.demo.student.TestStudentController:631 - No active profile set, falling back to 1 default profile: "default"
2023-03-10 15:56:35.008 [main] INFO  com.zaxxer.hikari.HikariDataSource:110 - HikariPool-1 - Starting...
2023-03-10 15:56:35.422 [main] INFO  com.zaxxer.hikari.HikariDataSource:123 - HikariPool-1 - Start completed.
2023-03-10 15:56:35.437 [main] INFO  o.s.b.autoconfigure.h2.H2ConsoleAutoConfiguration:98 - H2 console available at '/h2'. Database available at 'jdbc:h2:mem:db'
2023-03-10 15:56:35.943 [main] INFO  com.example.demo.student.TestStudentController:61 - Started TestStudentController in 4.515 seconds (JVM running for 7.725)
2023-03-10 15:56:36.279 [main] INFO  o.s.b.test.mock.web.SpringBootMockServletContext:455 - Initializing Spring TestDispatcherServlet ''
2023-03-10 15:56:36.279 [main] INFO  o.s.test.web.servlet.TestDispatcherServlet:525 - Initializing Servlet ''
2023-03-10 15:56:36.281 [main] INFO  o.s.test.web.servlet.TestDispatcherServlet:547 - Completed initialization in 1 ms
2023-03-10 15:56:37.625 [main] INFO  com.example.demo.student.TestStudentController:75 - content={"code":1000,"msg":"","message":"","data":[]}
2023-03-10 15:56:37.639 [SpringApplicationShutdownHook] INFO  com.zaxxer.hikari.HikariDataSource:350 - HikariPool-1 - Shutdown initiated...
2023-03-10 15:56:37.643 [SpringApplicationShutdownHook] INFO  com.zaxxer.hikari.HikariDataSource:352 - HikariPool-1 - Shutdown completed.
